2022-04-24 17:32:30,832:INFO:Initializing load_model()
2022-04-24 17:32:30,832:INFO:load_model(model_name=Classification/trained_models/Decision_Tree_Classifier, platform=None, authentication=None, verbose=True)
2022-04-24 17:32:30,845:INFO:Initializing load_model()
2022-04-24 17:32:30,846:INFO:load_model(model_name=Classification/trained_models/Ridge_Classifier, platform=None, authentication=None, verbose=True)
2022-04-24 17:32:30,854:INFO:Initializing load_model()
2022-04-24 17:32:30,854:INFO:load_model(model_name=Classification/trained_models/SVM_Linear_Kernel, platform=None, authentication=None, verbose=True)
2022-04-24 17:32:30,861:INFO:Initializing load_model()
2022-04-24 17:32:30,862:INFO:load_model(model_name=Classification/new_train_models/Ada_Boost_Classifier, platform=None, authentication=None, verbose=True)
2022-04-24 17:32:30,887:INFO:Initializing load_model()
2022-04-24 17:32:30,887:INFO:load_model(model_name=Classification/new_train_models/Gradient_Boosting_Classifier, platform=None, authentication=None, verbose=True)
2022-04-24 17:32:30,907:INFO:Initializing load_model()
2022-04-24 17:32:30,907:INFO:load_model(model_name=Classification/new_train_models/Logistic_Regression, platform=None, authentication=None, verbose=True)
2022-04-24 17:32:41,602:INFO:Initializing load_model()
2022-04-24 17:32:41,602:INFO:load_model(model_name=Classification/trained_models/Decision_Tree_Classifier, platform=None, authentication=None, verbose=True)
2022-04-24 17:32:41,611:INFO:Initializing load_model()
2022-04-24 17:32:41,611:INFO:load_model(model_name=Classification/trained_models/Ridge_Classifier, platform=None, authentication=None, verbose=True)
2022-04-24 17:32:41,619:INFO:Initializing load_model()
2022-04-24 17:32:41,619:INFO:load_model(model_name=Classification/trained_models/SVM_Linear_Kernel, platform=None, authentication=None, verbose=True)
2022-04-24 17:32:41,628:INFO:Initializing load_model()
2022-04-24 17:32:41,628:INFO:load_model(model_name=Classification/new_train_models/Ada_Boost_Classifier, platform=None, authentication=None, verbose=True)
2022-04-24 17:32:41,652:INFO:Initializing load_model()
2022-04-24 17:32:41,652:INFO:load_model(model_name=Classification/new_train_models/Gradient_Boosting_Classifier, platform=None, authentication=None, verbose=True)
2022-04-24 17:32:41,671:INFO:Initializing load_model()
2022-04-24 17:32:41,671:INFO:load_model(model_name=Classification/new_train_models/Logistic_Regression, platform=None, authentication=None, verbose=True)
2022-04-24 17:34:21,243:INFO:Initializing predict_model()
2022-04-24 17:34:21,243:INFO:predict_model(estimator=Pipeline(steps=[('dtypes',
                 DataTypes_Auto_infer(categorical_features=['Question'],
                                      ml_usecase='classification',
                                      target='Category')),
                ('imputer',
                 Simple_Imputer(categorical_strategy='not_available',
                                fill_value_categorical=None,
                                fill_value_numerical=None,
                                numeric_strategy='mean',
                                target_variable=None)),
                ('new_levels1',
                 New_Catagorical_Levels_in_TestData(replace...
                ('binn', 'passthrough'), ('rem_outliers', 'passthrough'),
                ('cluster_all', 'passthrough'),
                ('dummy', Dummify(target='Category')),
                ('fix_perfect', Remove_100(target='Category')),
                ('clean_names', Clean_Colum_Names()),
                ('feature_select', 'passthrough'), ('fix_multi', 'passthrough'),
                ('dfs', 'passthrough'), ('pca', 'passthrough'),
                ['trained_model',
                 LogisticRegression(max_iter=1000, random_state=548)]]), probability_threshold=None, encoded_labels=False, drift_report=False, raw_score=False, round=4, verbose=True, ml_usecase=MLUsecase.CLASSIFICATION, display=None, drift_kwargs=None)
2022-04-24 17:34:21,244:INFO:Checking exceptions
2022-04-24 17:34:21,244:INFO:Preloading libraries
2022-04-24 17:50:36,020:INFO:Initializing load_model()
2022-04-24 17:50:36,020:INFO:load_model(model_name=Classification/trained_models/Decision_Tree_Classifier, platform=None, authentication=None, verbose=True)
2022-04-24 17:50:36,029:INFO:Initializing load_model()
2022-04-24 17:50:36,029:INFO:load_model(model_name=Classification/trained_models/Ridge_Classifier, platform=None, authentication=None, verbose=True)
2022-04-24 17:50:36,038:INFO:Initializing load_model()
2022-04-24 17:50:36,038:INFO:load_model(model_name=Classification/trained_models/SVM_Linear_Kernel, platform=None, authentication=None, verbose=True)
2022-04-24 17:50:36,046:INFO:Initializing load_model()
2022-04-24 17:50:36,046:INFO:load_model(model_name=Classification/new_train_models/Ada_Boost_Classifier, platform=None, authentication=None, verbose=True)
2022-04-24 17:50:36,070:INFO:Initializing load_model()
2022-04-24 17:50:36,070:INFO:load_model(model_name=Classification/new_train_models/Gradient_Boosting_Classifier, platform=None, authentication=None, verbose=True)
2022-04-24 17:50:36,088:INFO:Initializing load_model()
2022-04-24 17:50:36,088:INFO:load_model(model_name=Classification/new_train_models/Logistic_Regression, platform=None, authentication=None, verbose=True)
2022-04-24 17:51:05,650:INFO:Initializing load_model()
2022-04-24 17:51:05,650:INFO:load_model(model_name=Classification/trained_models/Decision_Tree_Classifier, platform=None, authentication=None, verbose=True)
2022-04-24 17:51:05,658:INFO:Initializing load_model()
2022-04-24 17:51:05,658:INFO:load_model(model_name=Classification/trained_models/Ridge_Classifier, platform=None, authentication=None, verbose=True)
2022-04-24 17:51:05,665:INFO:Initializing load_model()
2022-04-24 17:51:05,665:INFO:load_model(model_name=Classification/trained_models/SVM_Linear_Kernel, platform=None, authentication=None, verbose=True)
2022-04-24 17:51:05,671:INFO:Initializing load_model()
2022-04-24 17:51:05,672:INFO:load_model(model_name=Classification/new_train_models/Ada_Boost_Classifier, platform=None, authentication=None, verbose=True)
2022-04-24 17:51:05,694:INFO:Initializing load_model()
2022-04-24 17:51:05,694:INFO:load_model(model_name=Classification/new_train_models/Gradient_Boosting_Classifier, platform=None, authentication=None, verbose=True)
2022-04-24 17:51:05,711:INFO:Initializing load_model()
2022-04-24 17:51:05,711:INFO:load_model(model_name=Classification/new_train_models/Logistic_Regression, platform=None, authentication=None, verbose=True)
2022-04-24 17:54:04,679:INFO:Initializing load_model()
2022-04-24 17:54:04,679:INFO:load_model(model_name=Classification/trained_models/Decision_Tree_Classifier, platform=None, authentication=None, verbose=True)
2022-04-24 17:54:04,686:INFO:Initializing load_model()
2022-04-24 17:54:04,686:INFO:load_model(model_name=Classification/trained_models/Ridge_Classifier, platform=None, authentication=None, verbose=True)
2022-04-24 17:54:04,695:INFO:Initializing load_model()
2022-04-24 17:54:04,695:INFO:load_model(model_name=Classification/trained_models/SVM_Linear_Kernel, platform=None, authentication=None, verbose=True)
2022-04-24 17:54:04,702:INFO:Initializing load_model()
2022-04-24 17:54:04,702:INFO:load_model(model_name=Classification/new_train_models/Ada_Boost_Classifier, platform=None, authentication=None, verbose=True)
2022-04-24 17:54:04,724:INFO:Initializing load_model()
2022-04-24 17:54:04,724:INFO:load_model(model_name=Classification/new_train_models/Gradient_Boosting_Classifier, platform=None, authentication=None, verbose=True)
2022-04-24 17:54:04,741:INFO:Initializing load_model()
2022-04-24 17:54:04,741:INFO:load_model(model_name=Classification/new_train_models/Logistic_Regression, platform=None, authentication=None, verbose=True)
2022-04-24 17:54:04,751:INFO:Initializing load_model()
2022-04-24 17:54:04,751:INFO:load_model(model_name=Classification/answer_train_models/Extra_Trees_Classifier, platform=None, authentication=None, verbose=True)
2022-04-24 17:54:04,810:INFO:Initializing load_model()
2022-04-24 17:54:04,811:INFO:load_model(model_name=Classification/answer_train_models/Gradient_Boosting_Classifier, platform=None, authentication=None, verbose=True)
2022-04-24 17:54:04,876:INFO:Initializing load_model()
2022-04-24 17:54:04,876:INFO:load_model(model_name=Classification/answer_train_models/Random_Forest_Classifier, platform=None, authentication=None, verbose=True)
2022-04-24 17:54:59,198:INFO:Initializing load_model()
2022-04-24 17:54:59,199:INFO:load_model(model_name=Classification/trained_models/Decision_Tree_Classifier, platform=None, authentication=None, verbose=True)
2022-04-24 17:54:59,204:INFO:Initializing load_model()
2022-04-24 17:54:59,204:INFO:load_model(model_name=Classification/trained_models/Ridge_Classifier, platform=None, authentication=None, verbose=True)
2022-04-24 17:54:59,208:INFO:Initializing load_model()
2022-04-24 17:54:59,208:INFO:load_model(model_name=Classification/trained_models/SVM_Linear_Kernel, platform=None, authentication=None, verbose=True)
2022-04-24 17:54:59,213:INFO:Initializing load_model()
2022-04-24 17:54:59,213:INFO:load_model(model_name=Classification/new_train_models/Ada_Boost_Classifier, platform=None, authentication=None, verbose=True)
2022-04-24 17:54:59,231:INFO:Initializing load_model()
2022-04-24 17:54:59,231:INFO:load_model(model_name=Classification/new_train_models/Gradient_Boosting_Classifier, platform=None, authentication=None, verbose=True)
2022-04-24 17:54:59,246:INFO:Initializing load_model()
2022-04-24 17:54:59,246:INFO:load_model(model_name=Classification/new_train_models/Logistic_Regression, platform=None, authentication=None, verbose=True)
2022-04-24 17:54:59,251:INFO:Initializing load_model()
2022-04-24 17:54:59,252:INFO:load_model(model_name=Classification/answer_train_models/Extra_Trees_Classifier, platform=None, authentication=None, verbose=True)
2022-04-24 17:54:59,284:INFO:Initializing load_model()
2022-04-24 17:54:59,284:INFO:load_model(model_name=Classification/answer_train_models/Gradient_Boosting_Classifier, platform=None, authentication=None, verbose=True)
2022-04-24 17:54:59,334:INFO:Initializing load_model()
2022-04-24 17:54:59,335:INFO:load_model(model_name=Classification/answer_train_models/Random_Forest_Classifier, platform=None, authentication=None, verbose=True)
2022-04-24 17:55:07,168:INFO:Initializing load_model()
2022-04-24 17:55:07,168:INFO:load_model(model_name=Classification/trained_models/Decision_Tree_Classifier, platform=None, authentication=None, verbose=True)
2022-04-24 17:55:07,173:INFO:Initializing load_model()
2022-04-24 17:55:07,173:INFO:load_model(model_name=Classification/trained_models/Ridge_Classifier, platform=None, authentication=None, verbose=True)
2022-04-24 17:55:07,178:INFO:Initializing load_model()
2022-04-24 17:55:07,178:INFO:load_model(model_name=Classification/trained_models/SVM_Linear_Kernel, platform=None, authentication=None, verbose=True)
2022-04-24 17:55:07,183:INFO:Initializing load_model()
2022-04-24 17:55:07,183:INFO:load_model(model_name=Classification/new_train_models/Ada_Boost_Classifier, platform=None, authentication=None, verbose=True)
2022-04-24 17:55:07,201:INFO:Initializing load_model()
2022-04-24 17:55:07,201:INFO:load_model(model_name=Classification/new_train_models/Gradient_Boosting_Classifier, platform=None, authentication=None, verbose=True)
2022-04-24 17:55:07,215:INFO:Initializing load_model()
2022-04-24 17:55:07,216:INFO:load_model(model_name=Classification/new_train_models/Logistic_Regression, platform=None, authentication=None, verbose=True)
2022-04-24 17:55:07,222:INFO:Initializing load_model()
2022-04-24 17:55:07,222:INFO:load_model(model_name=Classification/answer_train_models/Extra_Trees_Classifier, platform=None, authentication=None, verbose=True)
2022-04-24 17:55:07,254:INFO:Initializing load_model()
2022-04-24 17:55:07,254:INFO:load_model(model_name=Classification/answer_train_models/Gradient_Boosting_Classifier, platform=None, authentication=None, verbose=True)
2022-04-24 17:55:07,307:INFO:Initializing load_model()
2022-04-24 17:55:07,307:INFO:load_model(model_name=Classification/answer_train_models/Random_Forest_Classifier, platform=None, authentication=None, verbose=True)
2022-04-24 17:56:24,008:INFO:Initializing predict_model()
2022-04-24 17:56:24,008:INFO:predict_model(estimator=Pipeline(steps=[('dtypes',
                 DataTypes_Auto_infer(categorical_features=['cat_01', 'cat_02',
                                                            'cat_03'],
                                      ml_usecase='classification',
                                      target='result')),
                ('imputer',
                 Simple_Imputer(categorical_strategy='not_available',
                                fill_value_categorical=None,
                                fill_value_numerical=None,
                                numeric_strategy='mean',
                                target_variable=None)),
                ('new_levels1',
                 New_Catagorical_Levels_in_Te...
                ('binn', 'passthrough'), ('rem_outliers', 'passthrough'),
                ('cluster_all', 'passthrough'),
                ('dummy', Dummify(target='result')),
                ('fix_perfect', Remove_100(target='result')),
                ('clean_names', Clean_Colum_Names()),
                ('feature_select', 'passthrough'), ('fix_multi', 'passthrough'),
                ('dfs', 'passthrough'), ('pca', 'passthrough'),
                ['trained_model',
                 ExtraTreesClassifier(n_jobs=-1, random_state=8370)]]), probability_threshold=None, encoded_labels=False, drift_report=False, raw_score=False, round=4, verbose=True, ml_usecase=MLUsecase.CLASSIFICATION, display=None, drift_kwargs=None)
2022-04-24 17:56:24,008:INFO:Checking exceptions
2022-04-24 17:56:24,008:INFO:Preloading libraries
2022-05-01 20:29:58,385:INFO:Initializing load_model()
2022-05-01 20:29:58,385:INFO:load_model(model_name=Classification/trained_models/Decision_Tree_Classifier, platform=None, authentication=None, verbose=True)
2022-05-01 20:29:58,420:INFO:Initializing load_model()
2022-05-01 20:29:58,420:INFO:load_model(model_name=Classification/trained_models/Ridge_Classifier, platform=None, authentication=None, verbose=True)
2022-05-01 20:29:58,435:INFO:Initializing load_model()
2022-05-01 20:29:58,435:INFO:load_model(model_name=Classification/trained_models/SVM_Linear_Kernel, platform=None, authentication=None, verbose=True)
2022-05-01 20:29:58,445:INFO:Initializing load_model()
2022-05-01 20:29:58,445:INFO:load_model(model_name=Classification/new_train_models/Ada_Boost_Classifier, platform=None, authentication=None, verbose=True)
2022-05-01 20:29:58,495:INFO:Initializing load_model()
2022-05-01 20:29:58,495:INFO:load_model(model_name=Classification/new_train_models/Gradient_Boosting_Classifier, platform=None, authentication=None, verbose=True)
2022-05-01 20:29:58,530:INFO:Initializing load_model()
2022-05-01 20:29:58,530:INFO:load_model(model_name=Classification/new_train_models/Logistic_Regression, platform=None, authentication=None, verbose=True)
2022-05-01 20:29:58,555:INFO:Initializing load_model()
2022-05-01 20:29:58,555:INFO:load_model(model_name=Classification/answer_train_models/Extra_Trees_Classifier, platform=None, authentication=None, verbose=True)
2022-05-01 20:29:58,705:INFO:Initializing load_model()
2022-05-01 20:29:58,705:INFO:load_model(model_name=Classification/answer_train_models/Gradient_Boosting_Classifier, platform=None, authentication=None, verbose=True)
2022-05-01 20:29:58,839:INFO:Initializing load_model()
2022-05-01 20:29:58,839:INFO:load_model(model_name=Classification/answer_train_models/Random_Forest_Classifier, platform=None, authentication=None, verbose=True)
2022-05-01 20:30:20,677:INFO:Initializing load_model()
2022-05-01 20:30:20,682:INFO:load_model(model_name=Classification/trained_models/Decision_Tree_Classifier, platform=None, authentication=None, verbose=True)
2022-05-01 20:30:20,692:INFO:Initializing load_model()
2022-05-01 20:30:20,692:INFO:load_model(model_name=Classification/trained_models/Ridge_Classifier, platform=None, authentication=None, verbose=True)
2022-05-01 20:30:20,702:INFO:Initializing load_model()
2022-05-01 20:30:20,702:INFO:load_model(model_name=Classification/trained_models/SVM_Linear_Kernel, platform=None, authentication=None, verbose=True)
2022-05-01 20:30:20,712:INFO:Initializing load_model()
2022-05-01 20:30:20,712:INFO:load_model(model_name=Classification/new_train_models/Ada_Boost_Classifier, platform=None, authentication=None, verbose=True)
2022-05-01 20:30:20,757:INFO:Initializing load_model()
2022-05-01 20:30:20,757:INFO:load_model(model_name=Classification/new_train_models/Gradient_Boosting_Classifier, platform=None, authentication=None, verbose=True)
2022-05-01 20:30:20,782:INFO:Initializing load_model()
2022-05-01 20:30:20,782:INFO:load_model(model_name=Classification/new_train_models/Logistic_Regression, platform=None, authentication=None, verbose=True)
2022-05-01 20:30:20,792:INFO:Initializing load_model()
2022-05-01 20:30:20,792:INFO:load_model(model_name=Classification/answer_train_models/Extra_Trees_Classifier, platform=None, authentication=None, verbose=True)
2022-05-01 20:30:20,867:INFO:Initializing load_model()
2022-05-01 20:30:20,867:INFO:load_model(model_name=Classification/answer_train_models/Gradient_Boosting_Classifier, platform=None, authentication=None, verbose=True)
2022-05-01 20:30:20,967:INFO:Initializing load_model()
2022-05-01 20:30:20,967:INFO:load_model(model_name=Classification/answer_train_models/Random_Forest_Classifier, platform=None, authentication=None, verbose=True)
2022-05-02 02:28:43,448:INFO:Initializing load_model()
2022-05-02 02:28:43,448:INFO:load_model(model_name=Classification/trained_models/Decision_Tree_Classifier, platform=None, authentication=None, verbose=True)
2022-05-02 02:28:43,464:INFO:Initializing load_model()
2022-05-02 02:28:43,464:INFO:load_model(model_name=Classification/trained_models/Ridge_Classifier, platform=None, authentication=None, verbose=True)
2022-05-02 02:28:43,479:INFO:Initializing load_model()
2022-05-02 02:28:43,479:INFO:load_model(model_name=Classification/trained_models/SVM_Linear_Kernel, platform=None, authentication=None, verbose=True)
2022-05-02 02:28:43,511:INFO:Initializing load_model()
2022-05-02 02:28:43,511:INFO:load_model(model_name=Classification/new_train_models/Ada_Boost_Classifier, platform=None, authentication=None, verbose=True)
2022-05-02 02:28:43,558:INFO:Initializing load_model()
2022-05-02 02:28:43,558:INFO:load_model(model_name=Classification/new_train_models/Gradient_Boosting_Classifier, platform=None, authentication=None, verbose=True)
2022-05-02 02:28:43,589:INFO:Initializing load_model()
2022-05-02 02:28:43,589:INFO:load_model(model_name=Classification/new_train_models/Logistic_Regression, platform=None, authentication=None, verbose=True)
2022-05-02 02:28:43,604:INFO:Initializing load_model()
2022-05-02 02:28:43,604:INFO:load_model(model_name=Classification/answer_train_models/Extra_Trees_Classifier, platform=None, authentication=None, verbose=True)
2022-05-02 02:28:43,667:INFO:Initializing load_model()
2022-05-02 02:28:43,667:INFO:load_model(model_name=Classification/answer_train_models/Gradient_Boosting_Classifier, platform=None, authentication=None, verbose=True)
2022-05-02 02:28:43,761:INFO:Initializing load_model()
2022-05-02 02:28:43,761:INFO:load_model(model_name=Classification/answer_train_models/Random_Forest_Classifier, platform=None, authentication=None, verbose=True)
2022-05-02 02:28:59,072:INFO:Initializing load_model()
2022-05-02 02:28:59,072:INFO:load_model(model_name=Classification/trained_models/Decision_Tree_Classifier, platform=None, authentication=None, verbose=True)
2022-05-02 02:28:59,088:INFO:Initializing load_model()
2022-05-02 02:28:59,088:INFO:load_model(model_name=Classification/trained_models/Ridge_Classifier, platform=None, authentication=None, verbose=True)
2022-05-02 02:28:59,088:INFO:Initializing load_model()
2022-05-02 02:28:59,088:INFO:load_model(model_name=Classification/trained_models/SVM_Linear_Kernel, platform=None, authentication=None, verbose=True)
2022-05-02 02:28:59,088:INFO:Initializing load_model()
2022-05-02 02:28:59,088:INFO:load_model(model_name=Classification/new_train_models/Ada_Boost_Classifier, platform=None, authentication=None, verbose=True)
2022-05-02 02:28:59,119:INFO:Initializing load_model()
2022-05-02 02:28:59,119:INFO:load_model(model_name=Classification/new_train_models/Gradient_Boosting_Classifier, platform=None, authentication=None, verbose=True)
2022-05-02 02:28:59,150:INFO:Initializing load_model()
2022-05-02 02:28:59,150:INFO:load_model(model_name=Classification/new_train_models/Logistic_Regression, platform=None, authentication=None, verbose=True)
2022-05-02 02:28:59,150:INFO:Initializing load_model()
2022-05-02 02:28:59,150:INFO:load_model(model_name=Classification/answer_train_models/Extra_Trees_Classifier, platform=None, authentication=None, verbose=True)
2022-05-02 02:28:59,197:INFO:Initializing load_model()
2022-05-02 02:28:59,197:INFO:load_model(model_name=Classification/answer_train_models/Gradient_Boosting_Classifier, platform=None, authentication=None, verbose=True)
2022-05-02 02:28:59,275:INFO:Initializing load_model()
2022-05-02 02:28:59,275:INFO:load_model(model_name=Classification/answer_train_models/Random_Forest_Classifier, platform=None, authentication=None, verbose=True)
2022-05-02 02:38:45,249:INFO:Initializing load_model()
2022-05-02 02:38:45,249:INFO:load_model(model_name=Classification/trained_models/Decision_Tree_Classifier, platform=None, authentication=None, verbose=True)
2022-05-02 02:38:45,279:INFO:Initializing load_model()
2022-05-02 02:38:45,279:INFO:load_model(model_name=Classification/trained_models/Ridge_Classifier, platform=None, authentication=None, verbose=True)
2022-05-02 02:38:45,293:INFO:Initializing load_model()
2022-05-02 02:38:45,293:INFO:load_model(model_name=Classification/trained_models/SVM_Linear_Kernel, platform=None, authentication=None, verbose=True)
2022-05-02 02:38:45,309:INFO:Initializing load_model()
2022-05-02 02:38:45,309:INFO:load_model(model_name=Classification/new_train_models/Ada_Boost_Classifier, platform=None, authentication=None, verbose=True)
2022-05-02 02:38:45,361:INFO:Initializing load_model()
2022-05-02 02:38:45,361:INFO:load_model(model_name=Classification/new_train_models/Gradient_Boosting_Classifier, platform=None, authentication=None, verbose=True)
2022-05-02 02:38:45,392:INFO:Initializing load_model()
2022-05-02 02:38:45,392:INFO:load_model(model_name=Classification/new_train_models/Logistic_Regression, platform=None, authentication=None, verbose=True)
2022-05-02 02:38:45,408:INFO:Initializing load_model()
2022-05-02 02:38:45,408:INFO:load_model(model_name=Classification/answer_train_models/Extra_Trees_Classifier, platform=None, authentication=None, verbose=True)
2022-05-02 02:38:45,481:INFO:Initializing load_model()
2022-05-02 02:38:45,482:INFO:load_model(model_name=Classification/answer_train_models/Gradient_Boosting_Classifier, platform=None, authentication=None, verbose=True)
2022-05-02 02:38:45,611:INFO:Initializing load_model()
2022-05-02 02:38:45,611:INFO:load_model(model_name=Classification/answer_train_models/Random_Forest_Classifier, platform=None, authentication=None, verbose=True)
2022-05-02 02:39:09,501:INFO:Initializing load_model()
2022-05-02 02:39:09,502:INFO:load_model(model_name=Classification/trained_models/Decision_Tree_Classifier, platform=None, authentication=None, verbose=True)
2022-05-02 02:39:09,502:INFO:Initializing load_model()
2022-05-02 02:39:09,502:INFO:load_model(model_name=Classification/trained_models/Ridge_Classifier, platform=None, authentication=None, verbose=True)
2022-05-02 02:39:09,502:INFO:Initializing load_model()
2022-05-02 02:39:09,502:INFO:load_model(model_name=Classification/trained_models/SVM_Linear_Kernel, platform=None, authentication=None, verbose=True)
2022-05-02 02:39:09,520:INFO:Initializing load_model()
2022-05-02 02:39:09,520:INFO:load_model(model_name=Classification/new_train_models/Ada_Boost_Classifier, platform=None, authentication=None, verbose=True)
2022-05-02 02:39:09,556:INFO:Initializing load_model()
2022-05-02 02:39:09,556:INFO:load_model(model_name=Classification/new_train_models/Gradient_Boosting_Classifier, platform=None, authentication=None, verbose=True)
2022-05-02 02:39:09,572:INFO:Initializing load_model()
2022-05-02 02:39:09,572:INFO:load_model(model_name=Classification/new_train_models/Logistic_Regression, platform=None, authentication=None, verbose=True)
2022-05-02 02:39:09,590:INFO:Initializing load_model()
2022-05-02 02:39:09,590:INFO:load_model(model_name=Classification/answer_train_models/Extra_Trees_Classifier, platform=None, authentication=None, verbose=True)
2022-05-02 02:39:09,640:INFO:Initializing load_model()
2022-05-02 02:39:09,640:INFO:load_model(model_name=Classification/answer_train_models/Gradient_Boosting_Classifier, platform=None, authentication=None, verbose=True)
2022-05-02 02:39:09,725:INFO:Initializing load_model()
2022-05-02 02:39:09,725:INFO:load_model(model_name=Classification/answer_train_models/Random_Forest_Classifier, platform=None, authentication=None, verbose=True)
2022-05-02 07:50:17,168:INFO:Initializing load_model()
2022-05-02 07:50:17,169:INFO:load_model(model_name=Classification/trained_models/Decision_Tree_Classifier, platform=None, authentication=None, verbose=True)
2022-05-02 07:50:17,217:INFO:Initializing load_model()
2022-05-02 07:50:17,217:INFO:load_model(model_name=Classification/trained_models/Ridge_Classifier, platform=None, authentication=None, verbose=True)
2022-05-02 07:50:17,246:INFO:Initializing load_model()
2022-05-02 07:50:17,246:INFO:load_model(model_name=Classification/trained_models/SVM_Linear_Kernel, platform=None, authentication=None, verbose=True)
2022-05-02 07:50:17,288:INFO:Initializing load_model()
2022-05-02 07:50:17,288:INFO:load_model(model_name=Classification/new_train_models/Ada_Boost_Classifier, platform=None, authentication=None, verbose=True)
2022-05-02 07:50:17,482:INFO:Initializing load_model()
2022-05-02 07:50:17,482:INFO:load_model(model_name=Classification/new_train_models/Gradient_Boosting_Classifier, platform=None, authentication=None, verbose=True)
2022-05-02 07:50:17,623:INFO:Initializing load_model()
2022-05-02 07:50:17,623:INFO:load_model(model_name=Classification/new_train_models/Logistic_Regression, platform=None, authentication=None, verbose=True)
2022-05-02 07:50:17,671:INFO:Initializing load_model()
2022-05-02 07:50:17,671:INFO:load_model(model_name=Classification/answer_train_models/Extra_Trees_Classifier, platform=None, authentication=None, verbose=True)
2022-05-02 07:50:17,924:INFO:Initializing load_model()
2022-05-02 07:50:17,924:INFO:load_model(model_name=Classification/answer_train_models/Gradient_Boosting_Classifier, platform=None, authentication=None, verbose=True)
2022-05-02 07:50:18,411:INFO:Initializing load_model()
2022-05-02 07:50:18,411:INFO:load_model(model_name=Classification/answer_train_models/Random_Forest_Classifier, platform=None, authentication=None, verbose=True)
2022-05-02 07:52:42,295:INFO:Initializing load_model()
2022-05-02 07:52:42,296:INFO:load_model(model_name=Classification/trained_models/Decision_Tree_Classifier, platform=None, authentication=None, verbose=True)
2022-05-02 07:52:42,319:INFO:Initializing load_model()
2022-05-02 07:52:42,319:INFO:load_model(model_name=Classification/trained_models/Ridge_Classifier, platform=None, authentication=None, verbose=True)
2022-05-02 07:52:42,336:INFO:Initializing load_model()
2022-05-02 07:52:42,336:INFO:load_model(model_name=Classification/trained_models/SVM_Linear_Kernel, platform=None, authentication=None, verbose=True)
2022-05-02 07:52:42,361:INFO:Initializing load_model()
2022-05-02 07:52:42,361:INFO:load_model(model_name=Classification/new_train_models/Ada_Boost_Classifier, platform=None, authentication=None, verbose=True)
2022-05-02 07:52:42,455:INFO:Initializing load_model()
2022-05-02 07:52:42,455:INFO:load_model(model_name=Classification/new_train_models/Gradient_Boosting_Classifier, platform=None, authentication=None, verbose=True)
2022-05-02 07:52:42,512:INFO:Initializing load_model()
2022-05-02 07:52:42,520:INFO:load_model(model_name=Classification/new_train_models/Logistic_Regression, platform=None, authentication=None, verbose=True)
2022-05-02 07:52:42,544:INFO:Initializing load_model()
2022-05-02 07:52:42,544:INFO:load_model(model_name=Classification/answer_train_models/Extra_Trees_Classifier, platform=None, authentication=None, verbose=True)
2022-05-02 07:52:42,880:INFO:Initializing load_model()
2022-05-02 07:52:42,880:INFO:load_model(model_name=Classification/answer_train_models/Gradient_Boosting_Classifier, platform=None, authentication=None, verbose=True)
2022-05-02 07:52:43,168:INFO:Initializing load_model()
2022-05-02 07:52:43,168:INFO:load_model(model_name=Classification/answer_train_models/Random_Forest_Classifier, platform=None, authentication=None, verbose=True)
2022-05-02 07:53:30,375:INFO:Initializing load_model()
2022-05-02 07:53:30,375:INFO:load_model(model_name=Classification/trained_models/Decision_Tree_Classifier, platform=None, authentication=None, verbose=True)
2022-05-02 07:53:30,478:INFO:Initializing load_model()
2022-05-02 07:53:30,479:INFO:load_model(model_name=Classification/trained_models/Ridge_Classifier, platform=None, authentication=None, verbose=True)
2022-05-02 07:53:31,517:INFO:Initializing load_model()
2022-05-02 07:53:31,517:INFO:load_model(model_name=Classification/trained_models/SVM_Linear_Kernel, platform=None, authentication=None, verbose=True)
2022-05-02 07:53:31,986:INFO:Initializing load_model()
2022-05-02 07:53:31,987:INFO:load_model(model_name=Classification/new_train_models/Ada_Boost_Classifier, platform=None, authentication=None, verbose=True)
2022-05-02 07:53:32,730:INFO:Initializing load_model()
2022-05-02 07:53:32,731:INFO:load_model(model_name=Classification/new_train_models/Gradient_Boosting_Classifier, platform=None, authentication=None, verbose=True)
2022-05-02 07:53:32,840:INFO:Initializing load_model()
2022-05-02 07:53:32,842:INFO:load_model(model_name=Classification/new_train_models/Logistic_Regression, platform=None, authentication=None, verbose=True)
2022-05-02 07:53:32,871:INFO:Initializing load_model()
2022-05-02 07:53:32,871:INFO:load_model(model_name=Classification/answer_train_models/Extra_Trees_Classifier, platform=None, authentication=None, verbose=True)
2022-05-02 07:53:33,202:INFO:Initializing load_model()
2022-05-02 07:53:33,203:INFO:load_model(model_name=Classification/answer_train_models/Gradient_Boosting_Classifier, platform=None, authentication=None, verbose=True)
2022-05-02 07:53:33,976:INFO:Initializing load_model()
2022-05-02 07:53:33,976:INFO:load_model(model_name=Classification/answer_train_models/Random_Forest_Classifier, platform=None, authentication=None, verbose=True)
2022-05-02 12:37:52,035:INFO:Initializing load_model()
2022-05-02 12:37:52,035:INFO:load_model(model_name=Classification/trained_models/Decision_Tree_Classifier, platform=None, authentication=None, verbose=True)
2022-05-02 12:37:52,071:INFO:Initializing load_model()
2022-05-02 12:37:52,071:INFO:load_model(model_name=Classification/trained_models/Ridge_Classifier, platform=None, authentication=None, verbose=True)
2022-05-02 12:37:52,098:INFO:Initializing load_model()
2022-05-02 12:37:52,098:INFO:load_model(model_name=Classification/trained_models/SVM_Linear_Kernel, platform=None, authentication=None, verbose=True)
2022-05-02 12:37:52,149:INFO:Initializing load_model()
2022-05-02 12:37:52,149:INFO:load_model(model_name=Classification/new_train_models/Ada_Boost_Classifier, platform=None, authentication=None, verbose=True)
2022-05-02 12:37:52,273:INFO:Initializing load_model()
2022-05-02 12:37:52,273:INFO:load_model(model_name=Classification/new_train_models/Gradient_Boosting_Classifier, platform=None, authentication=None, verbose=True)
2022-05-02 12:37:52,398:INFO:Initializing load_model()
2022-05-02 12:37:52,399:INFO:load_model(model_name=Classification/new_train_models/Logistic_Regression, platform=None, authentication=None, verbose=True)
2022-05-02 12:37:52,427:INFO:Initializing load_model()
2022-05-02 12:37:52,427:INFO:load_model(model_name=Classification/answer_train_models/Extra_Trees_Classifier, platform=None, authentication=None, verbose=True)
2022-05-02 12:37:52,526:INFO:Initializing load_model()
2022-05-02 12:37:52,527:INFO:load_model(model_name=Classification/answer_train_models/Gradient_Boosting_Classifier, platform=None, authentication=None, verbose=True)
2022-05-02 12:37:52,718:INFO:Initializing load_model()
2022-05-02 12:37:52,719:INFO:load_model(model_name=Classification/answer_train_models/Random_Forest_Classifier, platform=None, authentication=None, verbose=True)
2022-05-02 12:38:24,633:INFO:Initializing load_model()
2022-05-02 12:38:24,634:INFO:load_model(model_name=Classification/trained_models/Decision_Tree_Classifier, platform=None, authentication=None, verbose=True)
2022-05-02 12:38:24,653:INFO:Initializing load_model()
2022-05-02 12:38:24,654:INFO:load_model(model_name=Classification/trained_models/Ridge_Classifier, platform=None, authentication=None, verbose=True)
2022-05-02 12:38:24,667:INFO:Initializing load_model()
2022-05-02 12:38:24,668:INFO:load_model(model_name=Classification/trained_models/SVM_Linear_Kernel, platform=None, authentication=None, verbose=True)
2022-05-02 12:38:24,681:INFO:Initializing load_model()
2022-05-02 12:38:24,681:INFO:load_model(model_name=Classification/new_train_models/Ada_Boost_Classifier, platform=None, authentication=None, verbose=True)
2022-05-02 12:38:24,827:INFO:Initializing load_model()
2022-05-02 12:38:24,828:INFO:load_model(model_name=Classification/new_train_models/Gradient_Boosting_Classifier, platform=None, authentication=None, verbose=True)
2022-05-02 12:38:24,882:INFO:Initializing load_model()
2022-05-02 12:38:24,882:INFO:load_model(model_name=Classification/new_train_models/Logistic_Regression, platform=None, authentication=None, verbose=True)
2022-05-02 12:38:24,906:INFO:Initializing load_model()
2022-05-02 12:38:24,907:INFO:load_model(model_name=Classification/answer_train_models/Extra_Trees_Classifier, platform=None, authentication=None, verbose=True)
2022-05-02 12:38:25,070:INFO:Initializing load_model()
2022-05-02 12:38:25,071:INFO:load_model(model_name=Classification/answer_train_models/Gradient_Boosting_Classifier, platform=None, authentication=None, verbose=True)
2022-05-02 12:38:25,307:INFO:Initializing load_model()
2022-05-02 12:38:25,308:INFO:load_model(model_name=Classification/answer_train_models/Random_Forest_Classifier, platform=None, authentication=None, verbose=True)
2022-05-02 13:07:31,507:INFO:Initializing load_model()
2022-05-02 13:07:31,508:INFO:load_model(model_name=Classification/trained_models/Decision_Tree_Classifier, platform=None, authentication=None, verbose=True)
2022-05-02 13:07:31,535:INFO:Initializing load_model()
2022-05-02 13:07:31,535:INFO:load_model(model_name=Classification/trained_models/Ridge_Classifier, platform=None, authentication=None, verbose=True)
2022-05-02 13:07:31,570:INFO:Initializing load_model()
2022-05-02 13:07:31,570:INFO:load_model(model_name=Classification/trained_models/SVM_Linear_Kernel, platform=None, authentication=None, verbose=True)
2022-05-02 13:07:31,588:INFO:Initializing load_model()
2022-05-02 13:07:31,588:INFO:load_model(model_name=Classification/new_train_models/Ada_Boost_Classifier, platform=None, authentication=None, verbose=True)
2022-05-02 13:07:31,657:INFO:Initializing load_model()
2022-05-02 13:07:31,657:INFO:load_model(model_name=Classification/new_train_models/Gradient_Boosting_Classifier, platform=None, authentication=None, verbose=True)
2022-05-02 13:07:31,713:INFO:Initializing load_model()
2022-05-02 13:07:31,713:INFO:load_model(model_name=Classification/new_train_models/Logistic_Regression, platform=None, authentication=None, verbose=True)
2022-05-02 13:07:31,729:INFO:Initializing load_model()
2022-05-02 13:07:31,729:INFO:load_model(model_name=Classification/answer_train_models/Extra_Trees_Classifier, platform=None, authentication=None, verbose=True)
2022-05-02 13:07:31,891:INFO:Initializing load_model()
2022-05-02 13:07:31,891:INFO:load_model(model_name=Classification/answer_train_models/Gradient_Boosting_Classifier, platform=None, authentication=None, verbose=True)
2022-05-02 13:07:32,025:INFO:Initializing load_model()
2022-05-02 13:07:32,026:INFO:load_model(model_name=Classification/answer_train_models/Random_Forest_Classifier, platform=None, authentication=None, verbose=True)
2022-05-02 13:08:07,485:INFO:Initializing load_model()
2022-05-02 13:08:07,486:INFO:load_model(model_name=Classification/trained_models/Decision_Tree_Classifier, platform=None, authentication=None, verbose=True)
2022-05-02 13:08:07,507:INFO:Initializing load_model()
2022-05-02 13:08:07,507:INFO:load_model(model_name=Classification/trained_models/Ridge_Classifier, platform=None, authentication=None, verbose=True)
2022-05-02 13:08:07,521:INFO:Initializing load_model()
2022-05-02 13:08:07,521:INFO:load_model(model_name=Classification/trained_models/SVM_Linear_Kernel, platform=None, authentication=None, verbose=True)
2022-05-02 13:08:07,540:INFO:Initializing load_model()
2022-05-02 13:08:07,540:INFO:load_model(model_name=Classification/new_train_models/Ada_Boost_Classifier, platform=None, authentication=None, verbose=True)
2022-05-02 13:08:07,641:INFO:Initializing load_model()
2022-05-02 13:08:07,641:INFO:load_model(model_name=Classification/new_train_models/Gradient_Boosting_Classifier, platform=None, authentication=None, verbose=True)
2022-05-02 13:08:07,707:INFO:Initializing load_model()
2022-05-02 13:08:07,708:INFO:load_model(model_name=Classification/new_train_models/Logistic_Regression, platform=None, authentication=None, verbose=True)
2022-05-02 13:08:07,738:INFO:Initializing load_model()
2022-05-02 13:08:07,738:INFO:load_model(model_name=Classification/answer_train_models/Extra_Trees_Classifier, platform=None, authentication=None, verbose=True)
2022-05-02 13:08:07,925:INFO:Initializing load_model()
2022-05-02 13:08:07,925:INFO:load_model(model_name=Classification/answer_train_models/Gradient_Boosting_Classifier, platform=None, authentication=None, verbose=True)
2022-05-02 13:08:08,123:INFO:Initializing load_model()
2022-05-02 13:08:08,124:INFO:load_model(model_name=Classification/answer_train_models/Random_Forest_Classifier, platform=None, authentication=None, verbose=True)
2022-05-02 13:38:02,028:INFO:Initializing load_model()
2022-05-02 13:38:02,029:INFO:load_model(model_name=Classification/trained_models/Decision_Tree_Classifier, platform=None, authentication=None, verbose=True)
2022-05-02 13:38:02,052:INFO:Initializing load_model()
2022-05-02 13:38:02,052:INFO:load_model(model_name=Classification/trained_models/Ridge_Classifier, platform=None, authentication=None, verbose=True)
2022-05-02 13:38:02,064:INFO:Initializing load_model()
2022-05-02 13:38:02,064:INFO:load_model(model_name=Classification/trained_models/SVM_Linear_Kernel, platform=None, authentication=None, verbose=True)
2022-05-02 13:38:02,079:INFO:Initializing load_model()
2022-05-02 13:38:02,079:INFO:load_model(model_name=Classification/new_train_models/Ada_Boost_Classifier, platform=None, authentication=None, verbose=True)
2022-05-02 13:38:02,114:INFO:Initializing load_model()
2022-05-02 13:38:02,114:INFO:load_model(model_name=Classification/new_train_models/Gradient_Boosting_Classifier, platform=None, authentication=None, verbose=True)
2022-05-02 13:38:02,143:INFO:Initializing load_model()
2022-05-02 13:38:02,143:INFO:load_model(model_name=Classification/new_train_models/Logistic_Regression, platform=None, authentication=None, verbose=True)
2022-05-02 13:38:02,163:INFO:Initializing load_model()
2022-05-02 13:38:02,163:INFO:load_model(model_name=Classification/answer_train_models/Extra_Trees_Classifier, platform=None, authentication=None, verbose=True)
2022-05-02 13:38:02,224:INFO:Initializing load_model()
2022-05-02 13:38:02,224:INFO:load_model(model_name=Classification/answer_train_models/Gradient_Boosting_Classifier, platform=None, authentication=None, verbose=True)
2022-05-02 13:38:02,404:INFO:Initializing load_model()
2022-05-02 13:38:02,404:INFO:load_model(model_name=Classification/answer_train_models/Random_Forest_Classifier, platform=None, authentication=None, verbose=True)
2022-05-02 13:38:21,037:INFO:Initializing load_model()
2022-05-02 13:38:21,038:INFO:load_model(model_name=Classification/trained_models/Decision_Tree_Classifier, platform=None, authentication=None, verbose=True)
2022-05-02 13:38:21,044:INFO:Initializing load_model()
2022-05-02 13:38:21,044:INFO:load_model(model_name=Classification/trained_models/Ridge_Classifier, platform=None, authentication=None, verbose=True)
2022-05-02 13:38:21,057:INFO:Initializing load_model()
2022-05-02 13:38:21,057:INFO:load_model(model_name=Classification/trained_models/SVM_Linear_Kernel, platform=None, authentication=None, verbose=True)
2022-05-02 13:38:21,066:INFO:Initializing load_model()
2022-05-02 13:38:21,066:INFO:load_model(model_name=Classification/new_train_models/Ada_Boost_Classifier, platform=None, authentication=None, verbose=True)
2022-05-02 13:38:21,100:INFO:Initializing load_model()
2022-05-02 13:38:21,100:INFO:load_model(model_name=Classification/new_train_models/Gradient_Boosting_Classifier, platform=None, authentication=None, verbose=True)
2022-05-02 13:38:21,132:INFO:Initializing load_model()
2022-05-02 13:38:21,132:INFO:load_model(model_name=Classification/new_train_models/Logistic_Regression, platform=None, authentication=None, verbose=True)
2022-05-02 13:38:21,142:INFO:Initializing load_model()
2022-05-02 13:38:21,142:INFO:load_model(model_name=Classification/answer_train_models/Extra_Trees_Classifier, platform=None, authentication=None, verbose=True)
2022-05-02 13:38:21,200:INFO:Initializing load_model()
2022-05-02 13:38:21,201:INFO:load_model(model_name=Classification/answer_train_models/Gradient_Boosting_Classifier, platform=None, authentication=None, verbose=True)
2022-05-02 13:38:21,280:INFO:Initializing load_model()
2022-05-02 13:38:21,280:INFO:load_model(model_name=Classification/answer_train_models/Random_Forest_Classifier, platform=None, authentication=None, verbose=True)
2022-05-02 14:00:12,801:INFO:Initializing load_model()
2022-05-02 14:00:12,802:INFO:load_model(model_name=Classification/trained_models/Decision_Tree_Classifier, platform=None, authentication=None, verbose=True)
2022-05-02 14:00:12,837:INFO:Initializing load_model()
2022-05-02 14:00:12,837:INFO:load_model(model_name=Classification/trained_models/Ridge_Classifier, platform=None, authentication=None, verbose=True)
2022-05-02 14:00:12,863:INFO:Initializing load_model()
2022-05-02 14:00:12,863:INFO:load_model(model_name=Classification/trained_models/SVM_Linear_Kernel, platform=None, authentication=None, verbose=True)
2022-05-02 14:00:12,883:INFO:Initializing load_model()
2022-05-02 14:00:12,883:INFO:load_model(model_name=Classification/new_train_models/Ada_Boost_Classifier, platform=None, authentication=None, verbose=True)
2022-05-02 14:00:12,948:INFO:Initializing load_model()
2022-05-02 14:00:12,948:INFO:load_model(model_name=Classification/new_train_models/Gradient_Boosting_Classifier, platform=None, authentication=None, verbose=True)
2022-05-02 14:00:12,986:INFO:Initializing load_model()
2022-05-02 14:00:12,987:INFO:load_model(model_name=Classification/new_train_models/Logistic_Regression, platform=None, authentication=None, verbose=True)
2022-05-02 14:00:13,010:INFO:Initializing load_model()
2022-05-02 14:00:13,011:INFO:load_model(model_name=Classification/answer_train_models/Extra_Trees_Classifier, platform=None, authentication=None, verbose=True)
2022-05-02 14:00:13,200:INFO:Initializing load_model()
2022-05-02 14:00:13,200:INFO:load_model(model_name=Classification/answer_train_models/Gradient_Boosting_Classifier, platform=None, authentication=None, verbose=True)
2022-05-02 14:00:13,327:INFO:Initializing load_model()
2022-05-02 14:00:13,327:INFO:load_model(model_name=Classification/answer_train_models/Random_Forest_Classifier, platform=None, authentication=None, verbose=True)
2022-05-02 14:00:31,109:INFO:Initializing load_model()
2022-05-02 14:00:31,110:INFO:load_model(model_name=Classification/trained_models/Decision_Tree_Classifier, platform=None, authentication=None, verbose=True)
2022-05-02 14:00:31,127:INFO:Initializing load_model()
2022-05-02 14:00:31,127:INFO:load_model(model_name=Classification/trained_models/Ridge_Classifier, platform=None, authentication=None, verbose=True)
2022-05-02 14:00:31,136:INFO:Initializing load_model()
2022-05-02 14:00:31,136:INFO:load_model(model_name=Classification/trained_models/SVM_Linear_Kernel, platform=None, authentication=None, verbose=True)
2022-05-02 14:00:31,146:INFO:Initializing load_model()
2022-05-02 14:00:31,146:INFO:load_model(model_name=Classification/new_train_models/Ada_Boost_Classifier, platform=None, authentication=None, verbose=True)
2022-05-02 14:00:31,179:INFO:Initializing load_model()
2022-05-02 14:00:31,179:INFO:load_model(model_name=Classification/new_train_models/Gradient_Boosting_Classifier, platform=None, authentication=None, verbose=True)
2022-05-02 14:00:31,199:INFO:Initializing load_model()
2022-05-02 14:00:31,199:INFO:load_model(model_name=Classification/new_train_models/Logistic_Regression, platform=None, authentication=None, verbose=True)
2022-05-02 14:00:31,208:INFO:Initializing load_model()
2022-05-02 14:00:31,208:INFO:load_model(model_name=Classification/answer_train_models/Extra_Trees_Classifier, platform=None, authentication=None, verbose=True)
2022-05-02 14:00:31,254:INFO:Initializing load_model()
2022-05-02 14:00:31,254:INFO:load_model(model_name=Classification/answer_train_models/Gradient_Boosting_Classifier, platform=None, authentication=None, verbose=True)
2022-05-02 14:00:31,340:INFO:Initializing load_model()
2022-05-02 14:00:31,340:INFO:load_model(model_name=Classification/answer_train_models/Random_Forest_Classifier, platform=None, authentication=None, verbose=True)
